nohup: ignoring input
[2025-02-26 18:05:09 +0000] [1813600] [INFO] Starting gunicorn 20.1.0
[2025-02-26 18:05:09 +0000] [1813600] [INFO] Listening at: http://0.0.0.0:9001 (1813600)
[2025-02-26 18:05:09 +0000] [1813600] [INFO] Using worker: sync
[2025-02-26 18:05:09 +0000] [1813602] [INFO] Booting worker with pid: 1813602
[2025-02-26 18:05:09 +0000] [1813603] [INFO] Booting worker with pid: 1813603
[2025-02-26 18:05:09 +0000] [1813604] [INFO] Booting worker with pid: 1813604
[2025-02-26 18:05:09 +0000] [1813605] [INFO] Booting worker with pid: 1813605
[2025-02-26 18:08:45 +0000] [1813600] [CRITICAL] WORKER TIMEOUT (pid:1813604)
[2025-02-26 18:08:45 +0000] [1813600] [CRITICAL] WORKER TIMEOUT (pid:1813605)
[2025-02-26 18:08:45 +0000] [1813605] [INFO] Worker exiting (pid: 1813605)
[2025-02-26 18:08:45 +0000] [1813604] [INFO] Worker exiting (pid: 1813604)
Looking for static files in: /home/ubuntu/k8s-cluster-ui/frontend
Looking for static files in: /home/ubuntu/k8s-cluster-ui/frontend
[2025-02-26 18:08:45 +0000] [1813792] [INFO] Booting worker with pid: 1813792
[2025-02-26 18:08:45 +0000] [1813793] [INFO] Booting worker with pid: 1813793
[2025-02-26 18:10:58 +0000] [1813600] [CRITICAL] WORKER TIMEOUT (pid:1813603)
[2025-02-26 18:10:58 +0000] [1813603] [INFO] Worker exiting (pid: 1813603)
Looking for static files in: /home/ubuntu/k8s-cluster-ui/frontend
[2025-02-26 18:10:58 +0000] [1813830] [INFO] Booting worker with pid: 1813830
[2025-02-26 18:32:49 +0000] [1813600] [INFO] Handling signal: hup
[2025-02-26 18:32:49 +0000] [1813600] [WARNING] Worker with pid 1813602 was terminated due to signal 1
[2025-02-26 18:32:49 +0000] [1813600] [WARNING] Worker with pid 1813792 was terminated due to signal 1
[2025-02-26 18:32:49 +0000] [1813600] [INFO] Hang up: Master
[2025-02-26 18:32:49 +0000] [1813600] [WARNING] Worker with pid 1813793 was terminated due to signal 1
[2025-02-26 18:32:49 +0000] [1813600] [WARNING] Worker with pid 1813830 was terminated due to signal 1
[2025-02-26 18:32:49 +0000] [1817205] [INFO] Booting worker with pid: 1817205
[2025-02-26 18:32:49 +0000] [1817206] [INFO] Booting worker with pid: 1817206
[2025-02-26 18:32:49 +0000] [1817208] [INFO] Booting worker with pid: 1817208
[2025-02-26 18:32:49 +0000] [1817207] [INFO] Booting worker with pid: 1817207
[2025-02-27 05:28:18 +0000] [1813600] [CRITICAL] WORKER TIMEOUT (pid:1817205)
[2025-02-27 05:28:18 +0000] [1817205] [INFO] Worker exiting (pid: 1817205)
Looking for static files in: /home/ubuntu/k8s-cluster-ui/frontend
[2025-02-27 05:28:18 +0000] [1829721] [INFO] Booting worker with pid: 1829721
[2025-02-27 05:38:38 +0000] [1813600] [CRITICAL] WORKER TIMEOUT (pid:1817208)
[2025-02-27 05:38:38 +0000] [1813600] [CRITICAL] WORKER TIMEOUT (pid:1829721)
[2025-02-27 05:38:38 +0000] [1817208] [INFO] Worker exiting (pid: 1817208)
Looking for static files in: /home/ubuntu/k8s-cluster-ui/frontend
[2025-02-27 05:38:38 +0000] [1829721] [INFO] Worker exiting (pid: 1829721)
Looking for static files in: /home/ubuntu/k8s-cluster-ui/frontend
[2025-02-27 05:38:38 +0000] [1829961] [INFO] Booting worker with pid: 1829961
[2025-02-27 05:38:38 +0000] [1829962] [INFO] Booting worker with pid: 1829962
[2025-02-27 05:43:55 +0000] [1813600] [CRITICAL] WORKER TIMEOUT (pid:1829961)
[2025-02-27 05:43:55 +0000] [1829961] [INFO] Worker exiting (pid: 1829961)
Looking for static files in: /home/ubuntu/k8s-cluster-ui/frontend
EKSConnector initialized
EKSConnector initialization took: 5.4836273193359375e-06 seconds
Attempting to list clusters in region 'us-east-1'
Using AWS profile: default
Creating boto3 session...
Creating EKS client...
Calling list_clusters API...
Found 1 clusters: ['demo-cluster']
Getting details for cluster 'demo-cluster'...
Successfully retrieved details for cluster 'demo-cluster'
Returning details for 1 clusters
[2025-02-27 05:43:55 +0000] [1830225] [INFO] Booting worker with pid: 1830225
[2025-02-27 05:46:43 +0000] [1813600] [CRITICAL] WORKER TIMEOUT (pid:1817206)
[2025-02-27 05:46:43 +0000] [1817206] [INFO] Worker exiting (pid: 1817206)
Looking for static files in: /home/ubuntu/k8s-cluster-ui/frontend
[2025-02-27 05:46:43 +0000] [1830305] [INFO] Booting worker with pid: 1830305
[2025-02-27 05:52:05 +0000] [1813600] [CRITICAL] WORKER TIMEOUT (pid:1830305)
[2025-02-27 05:52:05 +0000] [1830305] [INFO] Worker exiting (pid: 1830305)
Looking for static files in: /home/ubuntu/k8s-cluster-ui/frontend
EKSConnector initialized
EKSConnector initialization took: 4.76837158203125e-06 seconds
Attempting to connect to cluster 'demo-cluster' in region 'us-east-1' using profile 'default'
Creating boto3 session with profile 'default'...
Creating EKS client...
Retrieving cluster info for 'demo-cluster'...
Cluster info retrieved successfully. Version: 1.31, Status: ACTIVE
Generating kubeconfig...
Generating kubeconfig for cluster 'demo-cluster' in region 'us-east-1'
Adding profile 'default' to kubeconfig
Loading kubeconfig...
Initializing Kubernetes API client...
Testing connection by listing namespaces...
Connection successful. Found 7 namespaces.
[2025-02-27 05:52:05 +0000] [1830570] [INFO] Booting worker with pid: 1830570
[2025-02-27 05:55:06 +0000] [1813600] [CRITICAL] WORKER TIMEOUT (pid:1830225)
[2025-02-27 05:55:06 +0000] [1813600] [CRITICAL] WORKER TIMEOUT (pid:1830570)
[2025-02-27 05:55:06 +0000] [1830570] [INFO] Worker exiting (pid: 1830570)
Looking for static files in: /home/ubuntu/k8s-cluster-ui/frontend
[2025-02-27 05:55:06 +0000] [1830225] [INFO] Worker exiting (pid: 1830225)
Looking for static files in: /home/ubuntu/k8s-cluster-ui/frontend
EKSConnector initialized
EKSConnector initialization took: 5.7220458984375e-06 seconds
Attempting to list clusters in region 'us-east-1'
Using AWS profile: default
Creating boto3 session...
Creating EKS client...
Calling list_clusters API...
Found 1 clusters: ['demo-cluster']
Getting details for cluster 'demo-cluster'...
Successfully retrieved details for cluster 'demo-cluster'
Returning details for 1 clusters
EKSConnector initialized
EKSConnector initialization took: 6.9141387939453125e-06 seconds
Attempting to connect to cluster 'demo-cluster' in region 'us-east-1' using profile 'default'
Creating boto3 session with profile 'default'...
Creating EKS client...
Retrieving cluster info for 'demo-cluster'...
Cluster info retrieved successfully. Version: 1.31, Status: ACTIVE
Generating kubeconfig...
Generating kubeconfig for cluster 'demo-cluster' in region 'us-east-1'
Adding profile 'default' to kubeconfig
Loading kubeconfig...
Initializing Kubernetes API client...
Testing connection by listing namespaces...
Connection successful. Found 7 namespaces.
EKSConnector initialized
EKSConnector initialization took: 6.4373016357421875e-06 seconds
Attempting to list clusters in region 'us-east-1'
Using AWS profile: default
Creating boto3 session...
Creating EKS client...
Calling list_clusters API...
Found 1 clusters: ['demo-cluster']
Getting details for cluster 'demo-cluster'...
Successfully retrieved details for cluster 'demo-cluster'
Returning details for 1 clusters
EKSConnector initialized
EKSConnector initialization took: 5.9604644775390625e-06 seconds
Attempting to connect to cluster 'demo-cluster' in region 'us-east-1' using profile 'default'
Creating boto3 session with profile 'default'...
Creating EKS client...
Retrieving cluster info for 'demo-cluster'...
Cluster info retrieved successfully. Version: 1.31, Status: ACTIVE
Generating kubeconfig...
Generating kubeconfig for cluster 'demo-cluster' in region 'us-east-1'
Adding profile 'default' to kubeconfig
Loading kubeconfig...
Initializing Kubernetes API client...
Testing connection by listing namespaces...
Connection successful. Found 7 namespaces.
EKSConnector initialized
EKSConnector initialization took: 6.198883056640625e-06 seconds
Attempting to connect to cluster 'demo-cluster' in region 'us-east-1' using profile 'default'
Creating boto3 session with profile 'default'...
Creating EKS client...
Retrieving cluster info for 'demo-cluster'...
Cluster info retrieved successfully. Version: 1.31, Status: ACTIVE
Generating kubeconfig...
Generating kubeconfig for cluster 'demo-cluster' in region 'us-east-1'
Adding profile 'default' to kubeconfig
Loading kubeconfig...
Initializing Kubernetes API client...
Testing connection by listing namespaces...
Connection successful. Found 7 namespaces.
EKSConnector initialized
EKSConnector initialization took: 5.7220458984375e-06 seconds
Attempting to connect to cluster 'demo-cluster' in region 'us-east-1' using profile 'default'
Creating boto3 session with profile 'default'...
Creating EKS client...
Retrieving cluster info for 'demo-cluster'...
Cluster info retrieved successfully. Version: 1.31, Status: ACTIVE
Generating kubeconfig...
Generating kubeconfig for cluster 'demo-cluster' in region 'us-east-1'
Adding profile 'default' to kubeconfig
Loading kubeconfig...
Initializing Kubernetes API client...
Testing connection by listing namespaces...
Connection successful. Found 7 namespaces.
[2025-02-27 05:55:07 +0000] [1830648] [INFO] Booting worker with pid: 1830648
[2025-02-27 05:55:07 +0000] [1813600] [WARNING] Worker with pid 1830225 was terminated due to signal 9
[2025-02-27 05:55:07 +0000] [1830649] [INFO] Booting worker with pid: 1830649
[2025-02-27 06:01:23 +0000] [1813600] [CRITICAL] WORKER TIMEOUT (pid:1829962)
[2025-02-27 06:01:23 +0000] [1829962] [INFO] Worker exiting (pid: 1829962)
Looking for static files in: /home/ubuntu/k8s-cluster-ui/frontend
EKSConnector initialized
EKSConnector initialization took: 5.4836273193359375e-06 seconds
Listing connected clusters. Currently connected to 0 clusters
EKSConnector initialized
EKSConnector initialization took: 7.152557373046875e-06 seconds
Listing connected clusters. Currently connected to 0 clusters
EKSConnector initialized
EKSConnector initialization took: 6.67572021484375e-06 seconds
Attempting to connect to cluster 'demo-cluster' in region 'us-east-1' using profile 'default'
Creating boto3 session with profile 'default'...
Creating EKS client...
Retrieving cluster info for 'demo-cluster'...
Cluster info retrieved successfully. Version: 1.31, Status: ACTIVE
Generating kubeconfig...
Generating kubeconfig for cluster 'demo-cluster' in region 'us-east-1'
Connection error: 'Session' object has no attribute 'profile_name'
EKSConnector initialized
EKSConnector initialization took: 5.4836273193359375e-06 seconds
Listing connected clusters. Currently connected to 0 clusters
EKSConnector initialized
EKSConnector initialization took: 6.4373016357421875e-06 seconds
Attempting to connect to cluster 'demo-cluster' in region 'us-east-1' using profile 'default'
Creating boto3 session with profile 'default'...
Creating EKS client...
Retrieving cluster info for 'demo-cluster'...
Cluster info retrieved successfully. Version: 1.31, Status: ACTIVE
Generating kubeconfig...
Generating kubeconfig for cluster 'demo-cluster' in region 'us-east-1'
Connection error: 'Session' object has no attribute 'profile_name'
EKSConnector initialized
EKSConnector initialization took: 5.4836273193359375e-06 seconds
Attempting to connect to cluster 'demo-cluster' in region 'us-east-1' using profile 'default'
Creating boto3 session with profile 'default'...
Creating EKS client...
Retrieving cluster info for 'demo-cluster'...
Cluster info retrieved successfully. Version: 1.31, Status: ACTIVE
Generating kubeconfig...
Generating kubeconfig for cluster 'demo-cluster' in region 'us-east-1'
Connection error: 'Session' object has no attribute 'profile_name'
EKSConnector initialized
EKSConnector initialization took: 5.4836273193359375e-06 seconds
Attempting to connect to cluster 'demo-cluster' in region 'us-east-1' using profile 'default'
Creating boto3 session with profile 'default'...
Creating EKS client...
Retrieving cluster info for 'demo-cluster'...
Cluster info retrieved successfully. Version: 1.31, Status: ACTIVE
Generating kubeconfig...
Generating kubeconfig for cluster 'demo-cluster' in region 'us-east-1'
Connection error: 'Session' object has no attribute 'profile_name'
EKSConnector initialized
EKSConnector initialization took: 5.7220458984375e-06 seconds
Attempting to connect to cluster 'demo-cluster' in region 'us-east-1' using profile 'default'
Creating boto3 session with profile 'default'...
Creating EKS client...
Retrieving cluster info for 'demo-cluster'...
Cluster info retrieved successfully. Version: 1.31, Status: ACTIVE
Generating kubeconfig...
Generating kubeconfig for cluster 'demo-cluster' in region 'us-east-1'
Connection error: 'Session' object has no attribute 'profile_name'
EKSConnector initialized
EKSConnector initialization took: 5.7220458984375e-06 seconds
Attempting to connect to cluster 'demo-cluster' in region 'us-east-1' using profile 'default'
Creating boto3 session with profile 'default'...
Creating EKS client...
Retrieving cluster info for 'demo-cluster'...
Cluster info retrieved successfully. Version: 1.31, Status: ACTIVE
Generating kubeconfig...
Generating kubeconfig for cluster 'demo-cluster' in region 'us-east-1'
Connection error: 'Session' object has no attribute 'profile_name'
EKSConnector initialized
EKSConnector initialization took: 4.291534423828125e-06 seconds
Attempting to connect to cluster 'demo-cluster' in region 'us-east-1' using profile 'default'
Creating boto3 session with profile 'default'...
Creating EKS client...
Retrieving cluster info for 'demo-cluster'...
Cluster info retrieved successfully. Version: 1.31, Status: ACTIVE
Generating kubeconfig...
Generating kubeconfig for cluster 'demo-cluster' in region 'us-east-1'
Connection error: 'Session' object has no attribute 'profile_name'
EKSConnector initialized
EKSConnector initialization took: 5.245208740234375e-06 seconds
Attempting to list clusters in region 'us-east-1'
Using AWS profile: default
Creating boto3 session...
Creating EKS client...
Calling list_clusters API...
Found 1 clusters: ['demo-cluster']
Getting details for cluster 'demo-cluster'...
Successfully retrieved details for cluster 'demo-cluster'
Returning details for 1 clusters
EKSConnector initialized
EKSConnector initialization took: 5.9604644775390625e-06 seconds
Attempting to connect to cluster 'demo-cluster' in region 'us-east-1' using profile 'default'
Creating boto3 session with profile 'default'...
Creating EKS client...
Retrieving cluster info for 'demo-cluster'...
Cluster info retrieved successfully. Version: 1.31, Status: ACTIVE
Generating kubeconfig...
Generating kubeconfig for cluster 'demo-cluster' in region 'us-east-1'
Connection error: 'Session' object has no attribute 'profile_name'
EKSConnector initialized
EKSConnector initialization took: 5.4836273193359375e-06 seconds
Attempting to connect to cluster 'demo-cluster' in region 'us-east-1' using profile 'default'
Creating boto3 session with profile 'default'...
Creating EKS client...
Retrieving cluster info for 'demo-cluster'...
Cluster info retrieved successfully. Version: 1.31, Status: ACTIVE
Generating kubeconfig...
Generating kubeconfig for cluster 'demo-cluster' in region 'us-east-1'
Connection error: 'Session' object has no attribute 'profile_name'
EKSConnector initialized
EKSConnector initialization took: 5.245208740234375e-06 seconds
Attempting to connect to cluster 'demo-cluster' in region 'us-east-1' using profile 'default'
Creating boto3 session with profile 'default'...
Creating EKS client...
Retrieving cluster info for 'demo-cluster'...
Cluster info retrieved successfully. Version: 1.31, Status: ACTIVE
Generating kubeconfig...
Generating kubeconfig for cluster 'demo-cluster' in region 'us-east-1'
Connection error: 'Session' object has no attribute 'profile_name'
EKSConnector initialized
EKSConnector initialization took: 6.67572021484375e-06 seconds
Attempting to connect to cluster 'demo-cluster' in region 'us-east-1' using profile 'default'
Creating boto3 session with profile 'default'...
Creating EKS client...
Retrieving cluster info for 'demo-cluster'...
Cluster info retrieved successfully. Version: 1.31, Status: ACTIVE
Generating kubeconfig...
Generating kubeconfig for cluster 'demo-cluster' in region 'us-east-1'
Connection error: 'Session' object has no attribute 'profile_name'
[2025-02-27 06:01:23 +0000] [1830876] [INFO] Booting worker with pid: 1830876
[2025-02-27 06:12:29 +0000] [1813600] [CRITICAL] WORKER TIMEOUT (pid:1830876)
[2025-02-27 06:12:29 +0000] [1830876] [INFO] Worker exiting (pid: 1830876)
Looking for static files in: /home/ubuntu/k8s-cluster-ui/frontend
EKSConnector initialized
EKSConnector initialization took: 5.7220458984375e-06 seconds
Listing connected clusters. Currently connected to 0 clusters
[2025-02-27 06:12:29 +0000] [1831286] [INFO] Booting worker with pid: 1831286
[2025-02-27 06:13:55 +0000] [1813600] [CRITICAL] WORKER TIMEOUT (pid:1830648)
[2025-02-27 06:13:55 +0000] [1830648] [INFO] Worker exiting (pid: 1830648)
Looking for static files in: /home/ubuntu/k8s-cluster-ui/frontend
EKSConnector initialized
EKSConnector initialization took: 5.0067901611328125e-06 seconds
Listing connected clusters. Currently connected to 0 clusters
EKSConnector initialized
EKSConnector initialization took: 7.3909759521484375e-06 seconds
Attempting to connect to cluster 'demo-cluster' in region 'us-east-1' using profile 'default'
Creating boto3 session with profile 'default'...
Creating EKS client...
Retrieving cluster info for 'demo-cluster'...
Cluster info retrieved successfully. Version: 1.31, Status: ACTIVE
Generating kubeconfig...
Generating kubeconfig for cluster 'demo-cluster' in region 'us-east-1'
Adding profile 'default' to kubeconfig
Loading kubeconfig...
Initializing Kubernetes API client...
Testing connection by listing namespaces...
Connection successful. Found 7 namespaces.
EKSConnector initialized
EKSConnector initialization took: 6.67572021484375e-06 seconds
Listing connected clusters. Currently connected to 0 clusters
[2025-02-27 06:13:55 +0000] [1831305] [INFO] Booting worker with pid: 1831305
